Copyright 1986-2014 Xilinx, Inc. All Rights Reserved.
-----------------------------------------------------------------------------------------------------------------
| Tool Version : Vivado v.2014.2 (win64) Build 932637 Wed Jun 11 13:33:10 MDT 2014
| Date         : Sun Sep 14 23:50:50 2014
| Host         : ECE-411-6 running 64-bit Service Pack 1  (build 7601)
| Command      : report_utilization -file main_array_utilization_placed.rpt -pb main_array_utilization_placed.pb
| Design       : main_array
| Device       : xc7a100t
| Design State : Fully Placed
-----------------------------------------------------------------------------------------------------------------

Utilization Design Information

Table of Contents
-----------------
1. Slice Logic
2. Slice Logic Distribution
3. Memory
4. DSP
5. IO and GT Specific
6. Clocking
7. Specific Feature
8. Primitives
9. Black Boxes
10. Instantiated Netlists

1. Slice Logic
--------------

+----------------------------+------+-------+-----------+-------+
|          Site Type         | Used | Fixed | Available | Util% |
+----------------------------+------+-------+-----------+-------+
| Slice LUTs                 |  548 |     0 |     63400 |  0.86 |
|   LUT as Logic             |  288 |     0 |     63400 |  0.45 |
|   LUT as Memory            |  260 |     0 |     19000 |  1.36 |
|     LUT as Distributed RAM |   44 |     0 |           |       |
|     LUT as Shift Register  |  216 |     0 |           |       |
| Slice Registers            | 1035 |     0 |    126800 |  0.81 |
|   Register as Flip Flop    | 1035 |     0 |    126800 |  0.81 |
|   Register as Latch        |    0 |     0 |    126800 |  0.00 |
| F7 Muxes                   |    4 |     0 |     31700 |  0.01 |
| F8 Muxes                   |    0 |     0 |     15850 |  0.00 |
+----------------------------+------+-------+-----------+-------+


2. Slice Logic Distribution
---------------------------

+-------------------------------------------------------------+----------+-------+-----------+-------+
|                          Site Type                          |   Used   | Fixed | Available | Util% |
+-------------------------------------------------------------+----------+-------+-----------+-------+
| Slice                                                       |      265 |     0 |     15850 |  1.67 |
|   SLICEL                                                    |      138 |     0 |           |       |
|   SLICEM                                                    |      127 |     0 |           |       |
| LUT as Logic                                                |      288 |     0 |     63400 |  0.45 |
|   using O5 output only                                      |        0 |       |           |       |
|   using O6 output only                                      |      187 |       |           |       |
|   using O5 and O6                                           |      101 |       |           |       |
| LUT as Memory                                               |      260 |     0 |     19000 |  1.36 |
|   LUT as Distributed RAM                                    |       44 |     0 |           |       |
|     using O5 output only                                    |        0 |       |           |       |
|     using O6 output only                                    |        0 |       |           |       |
|     using O5 and O6                                         |       44 |       |           |       |
|   LUT as Shift Register                                     |      216 |     0 |           |       |
|     using O5 output only                                    |        6 |       |           |       |
|     using O6 output only                                    |      150 |       |           |       |
|     using O5 and O6                                         |       60 |       |           |       |
| LUT Flip Flop Pairs                                         |      816 |     0 |     63400 |  1.28 |
|   fully used LUT-FF pairs                                   |      486 |       |           |       |
|   LUT-FF pairs with unused LUT                              |      274 |       |           |       |
|   LUT-FF pairs with unused Flip Flop                        |       56 |       |           |       |
| Unique Control Sets                                         |       36 |       |           |       |
| Minimum number of registers lost to control set restriction | 77(Lost) |       |           |       |
+-------------------------------------------------------------+----------+-------+-----------+-------+


3. Memory
---------

+----------------+------+-------+-----------+-------+
|    Site Type   | Used | Fixed | Available | Util% |
+----------------+------+-------+-----------+-------+
| Block RAM Tile |    0 |     0 |       135 |  0.00 |
|   RAMB36/FIFO* |    0 |     0 |       135 |  0.00 |
|   RAMB18       |    0 |     0 |       270 |  0.00 |
+----------------+------+-------+-----------+-------+
* Note: Each Block RAM Tile only has one FIFO logic available and therefore can accommodate only one FIFO36E1 or one FIFO18E1. However, if a FIFO18E1 occupies a Block RAM Tile, that tile can still accommodate a RAMB18E1


4. DSP
------

+----------------+------+-------+-----------+-------+
|    Site Type   | Used | Fixed | Available | Util% |
+----------------+------+-------+-----------+-------+
| DSPs           |   16 |     0 |       240 |  6.66 |
|   DSP48E1 only |   16 |       |           |       |
+----------------+------+-------+-----------+-------+


5. IO and GT Specific
---------------------

+-----------------------------+------+-------+-----------+-------+
|          Site Type          | Used | Fixed | Available | Util% |
+-----------------------------+------+-------+-----------+-------+
| Bonded IOB                  |    6 |     6 |       210 |  2.85 |
|   IOB Master Pads           |    2 |       |           |       |
|   IOB Slave Pads            |    2 |       |           |       |
| Bonded IPADs                |    0 |     0 |         2 |  0.00 |
| PHY_CONTROL                 |    0 |     0 |         6 |  0.00 |
| PHASER_REF                  |    0 |     0 |         6 |  0.00 |
| OUT_FIFO                    |    0 |     0 |        24 |  0.00 |
| IN_FIFO                     |    0 |     0 |        24 |  0.00 |
| IDELAYCTRL                  |    0 |     0 |         6 |  0.00 |
| IBUFGDS                     |    0 |     0 |       202 |  0.00 |
| PHASER_OUT/PHASER_OUT_PHY   |    0 |     0 |        24 |  0.00 |
| PHASER_IN/PHASER_IN_PHY     |    0 |     0 |        24 |  0.00 |
| IDELAYE2/IDELAYE2_FINEDELAY |    0 |     0 |       300 |  0.00 |
| IBUFDS_GTE2                 |    0 |     0 |         4 |  0.00 |
| ILOGIC                      |    0 |     0 |       210 |  0.00 |
| OLOGIC                      |    0 |     0 |       210 |  0.00 |
+-----------------------------+------+-------+-----------+-------+


6. Clocking
-----------

+------------+------+-------+-----------+-------+
|  Site Type | Used | Fixed | Available | Util% |
+------------+------+-------+-----------+-------+
| BUFGCTRL   |    2 |     0 |        32 |  6.25 |
| BUFIO      |    0 |     0 |        24 |  0.00 |
| MMCME2_ADV |    0 |     0 |         6 |  0.00 |
| PLLE2_ADV  |    0 |     0 |         6 |  0.00 |
| BUFMRCE    |    0 |     0 |        12 |  0.00 |
| BUFHCE     |    0 |     0 |        96 |  0.00 |
| BUFR       |    0 |     0 |        24 |  0.00 |
+------------+------+-------+-----------+-------+


7. Specific Feature
-------------------

+-------------+------+-------+-----------+-------+
|  Site Type  | Used | Fixed | Available | Util% |
+-------------+------+-------+-----------+-------+
| BSCANE2     |    0 |     0 |         4 |  0.00 |
| CAPTUREE2   |    0 |     0 |         1 |  0.00 |
| DNA_PORT    |    0 |     0 |         1 |  0.00 |
| EFUSE_USR   |    0 |     0 |         1 |  0.00 |
| FRAME_ECCE2 |    0 |     0 |         1 |  0.00 |
| ICAPE2      |    0 |     0 |         2 |  0.00 |
| PCIE_2_1    |    0 |     0 |         1 |  0.00 |
| STARTUPE2   |    0 |     0 |         1 |  0.00 |
| XADC        |    0 |     0 |         1 |  0.00 |
+-------------+------+-------+-----------+-------+


8. Primitives
-------------

+----------+------+---------------------+
| Ref Name | Used | Functional Category |
+----------+------+---------------------+
| FDRE     | 1019 |        Flop & Latch |
| LUT2     |  167 |                 LUT |
| SRL16E   |  144 |  Distributed Memory |
| SRLC32E  |  132 |  Distributed Memory |
| RAMD32   |   88 |  Distributed Memory |
| LUT5     |   79 |                 LUT |
| LUT3     |   77 |                 LUT |
| CARRY4   |   42 |          CarryLogic |
| LUT4     |   24 |                 LUT |
| LUT1     |   23 |                 LUT |
| LUT6     |   19 |                 LUT |
| FDSE     |   16 |        Flop & Latch |
| DSP48E1  |   16 |    Block Arithmetic |
| OBUF     |    4 |                  IO |
| MUXF7    |    4 |               MuxFx |
| IBUF     |    2 |                  IO |
| BUFG     |    2 |               Clock |
+----------+------+---------------------+


9. Black Boxes
--------------

+----------+------+
| Ref Name | Used |
+----------+------+


10. Instantiated Netlists
-------------------------

+--------------------------+------+
|         Ref Name         | Used |
+--------------------------+------+
| lp_FIR                   |    1 |
| half_band_FIR            |    1 |
| cascaded_integrator_comb |    1 |
+--------------------------+------+


