
*** Running vivado
    with args -log half_band_FIR.vds -m64 -mode batch -messageDb vivado.pb -source half_band_FIR.tcl


****** Vivado v2014.2 (64-bit)
  **** SW Build 932637 on Wed Jun 11 13:33:10 MDT 2014
  **** IP Build 924643 on Fri May 30 09:20:16 MDT 2014
    ** Copyright 1986-2014 Xilinx, Inc. All Rights Reserved.

source half_band_FIR.tcl
# set_param gui.test TreeTableDev
# set_msg_config -id {HDL 9-1061} -limit 100000
# set_msg_config -id {HDL 9-1654} -limit 100000
# create_project -in_memory -part xc7a100tcsg324-1
CRITICAL WARNING: [Board 49-4] Problem parsing board_part file - C:/Xilinx/Vivado/2014.2/data/boards/board_parts/kintex7/kc705/0.9/board_part.xml, The board part 'xc7k325tffg900-2' is either not supported or invalid.
CRITICAL WARNING: [Board 49-4] Problem parsing board_part file - C:/Xilinx/Vivado/2014.2/data/boards/board_parts/kintex7/kc705/1.0/board_part.xml, The board part 'xc7k325tffg900-2' is either not supported or invalid.
CRITICAL WARNING: [Board 49-4] Problem parsing board_part file - C:/Xilinx/Vivado/2014.2/data/boards/board_parts/zynq/zc706/0.9/board_part.xml, The board part 'xc7z045ffg900-2' is either not supported or invalid.
CRITICAL WARNING: [Board 49-4] Problem parsing board_part file - C:/Xilinx/Vivado/2014.2/data/boards/board_parts/zynq/zc706/1.0/board_part.xml, The board part 'xc7z045ffg900-2' is either not supported or invalid.
# set_property target_language Verilog [current_project]
# set_param project.compositeFile.enableAutoGeneration 0
# set_property default_lib xil_defaultlib [current_project]
# read_ip c:/Users/coltmw/Documents/GitHub/ecen4024-microphone-array/microphone-array/microphone-array.srcs/sources_1/ip/half_band_FIR/half_band_FIR.xci
INFO: [IP_Flow 19-234] Refreshing IP repositories
INFO: [IP_Flow 19-1704] No user IP repositories specified
INFO: [IP_Flow 19-2313] Loaded Vivado IP repository 'C:/Xilinx/Vivado/2014.2/data/ip'.
WARNING: [IP_Flow 19-3664] IP 'half_band_FIR' generated file not found 'c:/Users/coltmw/Documents/GitHub/ecen4024-microphone-array/microphone-array/microphone-array.srcs/sources_1/ip/half_band_FIR/half_band_FIR.dcp'. Please regenerate to continue.
WARNING: [IP_Flow 19-3664] IP 'half_band_FIR' generated file not found 'c:/Users/coltmw/Documents/GitHub/ecen4024-microphone-array/microphone-array/microphone-array.srcs/sources_1/ip/half_band_FIR/half_band_FIR_stub.v'. Please regenerate to continue.
WARNING: [IP_Flow 19-3664] IP 'half_band_FIR' generated file not found 'c:/Users/coltmw/Documents/GitHub/ecen4024-microphone-array/microphone-array/microphone-array.srcs/sources_1/ip/half_band_FIR/half_band_FIR_stub.vhdl'. Please regenerate to continue.
WARNING: [IP_Flow 19-3664] IP 'half_band_FIR' generated file not found 'c:/Users/coltmw/Documents/GitHub/ecen4024-microphone-array/microphone-array/microphone-array.srcs/sources_1/ip/half_band_FIR/half_band_FIR_funcsim.v'. Please regenerate to continue.
WARNING: [IP_Flow 19-3664] IP 'half_band_FIR' generated file not found 'c:/Users/coltmw/Documents/GitHub/ecen4024-microphone-array/microphone-array/microphone-array.srcs/sources_1/ip/half_band_FIR/half_band_FIR_funcsim.vhdl'. Please regenerate to continue.
# set_msg_config -id {IP_Flow 19-2162} -severity warning -new_severity info
# set_property is_locked true [get_files c:/Users/coltmw/Documents/GitHub/ecen4024-microphone-array/microphone-array/microphone-array.srcs/sources_1/ip/half_band_FIR/half_band_FIR.xci]
# read_xdc dont_touch.xdc
# set_property used_in_implementation false [get_files dont_touch.xdc]
# set_param synth.vivado.isSynthRun true
# set_property webtalk.parent_dir C:/Users/coltmw/Documents/GitHub/ecen4024-microphone-array/microphone-array/microphone-array.cache/wt [current_project]
# set_property parent.project_dir C:/Users/coltmw/Documents/GitHub/ecen4024-microphone-array/microphone-array [current_project]
# catch { write_hwdef -file half_band_FIR.hwdef }
INFO: [Vivado_Tcl 4-279] hardware handoff file cannot be generated as there is no block diagram instance in the design
# synth_design -top half_band_FIR -part xc7a100tcsg324-1 -mode out_of_context
Command: synth_design -top half_band_FIR -part xc7a100tcsg324-1 -mode out_of_context

Starting synthesis...

Attempting to get a license for feature 'Synthesis' and/or device 'xc7a100t'
INFO: [Common 17-349] Got license for feature 'Synthesis' and/or device 'xc7a100t'
---------------------------------------------------------------------------------
Starting RTL Elaboration : Time (s): cpu = 00:00:10 ; elapsed = 00:00:11 . Memory (MB): peak = 232.398 ; gain = 98.602
---------------------------------------------------------------------------------
INFO: [Synth 8-638] synthesizing module 'half_band_FIR' [c:/Users/coltmw/Documents/GitHub/ecen4024-microphone-array/microphone-array/microphone-array.srcs/sources_1/ip/half_band_FIR/synth/half_band_FIR.vhd:70]
INFO: [Synth 8-3491] module 'fir_compiler_v7_1' declared at 'c:/Users/coltmw/Documents/GitHub/ecen4024-microphone-array/microphone-array/microphone-array.srcs/sources_1/ip/half_band_FIR/fir_compiler_v7_1/hdl/fir_compiler_v7_1.vhd:109' bound to instance 'U0' of component 'fir_compiler_v7_1' [c:/Users/coltmw/Documents/GitHub/ecen4024-microphone-array/microphone-array/microphone-array.srcs/sources_1/ip/half_band_FIR/synth/half_band_FIR.vhd:191]
INFO: [Synth 8-638] synthesizing module 'fir_compiler_v7_1__parameterized0' [c:/Users/coltmw/Documents/GitHub/ecen4024-microphone-array/microphone-array/microphone-array.srcs/sources_1/ip/half_band_FIR/fir_compiler_v7_1/hdl/fir_compiler_v7_1.vhd:233]
INFO: [Synth 8-3491] module 'fir_compiler_v7_1_viv' declared at 'c:/Users/coltmw/Documents/GitHub/ecen4024-microphone-array/microphone-array/microphone-array.srcs/sources_1/ip/half_band_FIR/fir_compiler_v7_1/hdl/fir_compiler_v7_1_viv.vhd:118' bound to instance 'i_synth' of component 'fir_compiler_v7_1_viv' [c:/Users/coltmw/Documents/GitHub/ecen4024-microphone-array/microphone-array/microphone-array.srcs/sources_1/ip/half_band_FIR/fir_compiler_v7_1/hdl/fir_compiler_v7_1.vhd:239]
INFO: [Synth 8-638] synthesizing module 'fir_compiler_v7_1_viv__parameterized0' [c:/Users/coltmw/Documents/GitHub/ecen4024-microphone-array/microphone-array/microphone-array.srcs/sources_1/ip/half_band_FIR/fir_compiler_v7_1/hdl/fir_compiler_v7_1_viv.vhd:254]
INFO: [Synth 8-3491] module 'halfband_decimation' declared at 'c:/Users/coltmw/Documents/GitHub/ecen4024-microphone-array/microphone-array/microphone-array.srcs/sources_1/ip/half_band_FIR/fir_compiler_v7_1/hdl/halfband_decimation.vhd:134' bound to instance 'i_halfband_decimation' of component 'halfband_decimation' [c:/Users/coltmw/Documents/GitHub/ecen4024-microphone-array/microphone-array/microphone-array.srcs/sources_1/ip/half_band_FIR/fir_compiler_v7_1/hdl/fir_compiler_v7_1_viv.vhd:476]
INFO: [Synth 8-638] synthesizing module 'halfband_decimation__parameterized0' [c:/Users/coltmw/Documents/GitHub/ecen4024-microphone-array/microphone-array/microphone-array.srcs/sources_1/ip/half_band_FIR/fir_compiler_v7_1/hdl/halfband_decimation.vhd:252]
INFO: [Synth 8-638] synthesizing module 'glb_ifx_slave' [c:/Users/coltmw/Documents/GitHub/ecen4024-microphone-array/microphone-array/microphone-array.srcs/sources_1/ip/half_band_FIR/axi_utils_v2_0/hdl/glb_ifx_slave.vhd:166]
INFO: [Synth 8-3491] module 'glb_srl_fifo' declared at 'c:/Users/coltmw/Documents/GitHub/ecen4024-microphone-array/microphone-array/microphone-array.srcs/sources_1/ip/half_band_FIR/axi_utils_v2_0/hdl/glb_srl_fifo.vhd:196' bound to instance 'fifo0' of component 'glb_srl_fifo' [c:/Users/coltmw/Documents/GitHub/ecen4024-microphone-array/microphone-array/microphone-array.srcs/sources_1/ip/half_band_FIR/axi_utils_v2_0/hdl/glb_ifx_slave.vhd:199]
INFO: [Synth 8-638] synthesizing module 'glb_srl_fifo__parameterized0' [c:/Users/coltmw/Documents/GitHub/ecen4024-microphone-array/microphone-array/microphone-array.srcs/sources_1/ip/half_band_FIR/axi_utils_v2_0/hdl/glb_srl_fifo.vhd:248]
INFO: [Synth 8-256] done synthesizing module 'glb_srl_fifo__parameterized0' (1#1) [c:/Users/coltmw/Documents/GitHub/ecen4024-microphone-array/microphone-array/microphone-array.srcs/sources_1/ip/half_band_FIR/axi_utils_v2_0/hdl/glb_srl_fifo.vhd:248]
INFO: [Synth 8-256] done synthesizing module 'glb_ifx_slave' (2#1) [c:/Users/coltmw/Documents/GitHub/ecen4024-microphone-array/microphone-array/microphone-array.srcs/sources_1/ip/half_band_FIR/axi_utils_v2_0/hdl/glb_ifx_slave.vhd:166]
INFO: [Synth 8-638] synthesizing module 'dpr_mem' [c:/Users/coltmw/Documents/GitHub/ecen4024-microphone-array/microphone-array/microphone-array.srcs/sources_1/ip/half_band_FIR/fir_compiler_v7_1/hdl/dpr_mem.vhd:145]
INFO: [Synth 8-256] done synthesizing module 'dpr_mem' (3#1) [c:/Users/coltmw/Documents/GitHub/ecen4024-microphone-array/microphone-array/microphone-array.srcs/sources_1/ip/half_band_FIR/fir_compiler_v7_1/hdl/dpr_mem.vhd:145]
INFO: [Synth 8-3919] null assignment ignored [c:/Users/coltmw/Documents/GitHub/ecen4024-microphone-array/microphone-array/microphone-array.srcs/sources_1/ip/half_band_FIR/fir_compiler_v7_1/hdl/halfband_decimation.vhd:1505]
INFO: [Synth 8-3919] null assignment ignored [c:/Users/coltmw/Documents/GitHub/ecen4024-microphone-array/microphone-array/microphone-array.srcs/sources_1/ip/half_band_FIR/fir_compiler_v7_1/hdl/halfband_decimation.vhd:1506]
INFO: [Synth 8-3919] null assignment ignored [c:/Users/coltmw/Documents/GitHub/ecen4024-microphone-array/microphone-array/microphone-array.srcs/sources_1/ip/half_band_FIR/fir_compiler_v7_1/hdl/halfband_decimation.vhd:1511]
INFO: [Synth 8-3919] null assignment ignored [c:/Users/coltmw/Documents/GitHub/ecen4024-microphone-array/microphone-array/microphone-array.srcs/sources_1/ip/half_band_FIR/fir_compiler_v7_1/hdl/halfband_decimation.vhd:1512]
INFO: [Synth 8-3919] null assignment ignored [c:/Users/coltmw/Documents/GitHub/ecen4024-microphone-array/microphone-array/microphone-array.srcs/sources_1/ip/half_band_FIR/fir_compiler_v7_1/hdl/halfband_decimation.vhd:1513]
INFO: [Synth 8-3919] null assignment ignored [c:/Users/coltmw/Documents/GitHub/ecen4024-microphone-array/microphone-array/microphone-array.srcs/sources_1/ip/half_band_FIR/fir_compiler_v7_1/hdl/halfband_decimation.vhd:1514]
INFO: [Synth 8-3919] null assignment ignored [c:/Users/coltmw/Documents/GitHub/ecen4024-microphone-array/microphone-array/microphone-array.srcs/sources_1/ip/half_band_FIR/fir_compiler_v7_1/hdl/halfband_decimation.vhd:1515]
INFO: [Synth 8-3919] null assignment ignored [c:/Users/coltmw/Documents/GitHub/ecen4024-microphone-array/microphone-array/microphone-array.srcs/sources_1/ip/half_band_FIR/fir_compiler_v7_1/hdl/halfband_decimation.vhd:1539]
INFO: [Synth 8-3919] null assignment ignored [c:/Users/coltmw/Documents/GitHub/ecen4024-microphone-array/microphone-array/microphone-array.srcs/sources_1/ip/half_band_FIR/fir_compiler_v7_1/hdl/halfband_decimation.vhd:1724]
INFO: [Synth 8-3919] null assignment ignored [c:/Users/coltmw/Documents/GitHub/ecen4024-microphone-array/microphone-array/microphone-array.srcs/sources_1/ip/half_band_FIR/fir_compiler_v7_1/hdl/halfband_decimation.vhd:2144]
INFO: [Synth 8-638] synthesizing module 'delay' [c:/Users/coltmw/Documents/GitHub/ecen4024-microphone-array/microphone-array/microphone-array.srcs/sources_1/ip/half_band_FIR/fir_compiler_v7_1/hdl/delay.vhd:157]
INFO: [Synth 8-256] done synthesizing module 'delay' (4#1) [c:/Users/coltmw/Documents/GitHub/ecen4024-microphone-array/microphone-array/microphone-array.srcs/sources_1/ip/half_band_FIR/fir_compiler_v7_1/hdl/delay.vhd:157]
INFO: [Synth 8-638] synthesizing module 'delay__parameterized0' [c:/Users/coltmw/Documents/GitHub/ecen4024-microphone-array/microphone-array/microphone-array.srcs/sources_1/ip/half_band_FIR/fir_compiler_v7_1/hdl/delay.vhd:157]
INFO: [Synth 8-256] done synthesizing module 'delay__parameterized0' (4#1) [c:/Users/coltmw/Documents/GitHub/ecen4024-microphone-array/microphone-array/microphone-array.srcs/sources_1/ip/half_band_FIR/fir_compiler_v7_1/hdl/delay.vhd:157]
INFO: [Synth 8-638] synthesizing module 'delay__parameterized1' [c:/Users/coltmw/Documents/GitHub/ecen4024-microphone-array/microphone-array/microphone-array.srcs/sources_1/ip/half_band_FIR/fir_compiler_v7_1/hdl/delay.vhd:157]
INFO: [Synth 8-256] done synthesizing module 'delay__parameterized1' (4#1) [c:/Users/coltmw/Documents/GitHub/ecen4024-microphone-array/microphone-array/microphone-array.srcs/sources_1/ip/half_band_FIR/fir_compiler_v7_1/hdl/delay.vhd:157]
INFO: [Synth 8-638] synthesizing module 'delay__parameterized2' [c:/Users/coltmw/Documents/GitHub/ecen4024-microphone-array/microphone-array/microphone-array.srcs/sources_1/ip/half_band_FIR/fir_compiler_v7_1/hdl/delay.vhd:157]
INFO: [Synth 8-256] done synthesizing module 'delay__parameterized2' (4#1) [c:/Users/coltmw/Documents/GitHub/ecen4024-microphone-array/microphone-array/microphone-array.srcs/sources_1/ip/half_band_FIR/fir_compiler_v7_1/hdl/delay.vhd:157]
INFO: [Synth 8-638] synthesizing module 'delay__parameterized3' [c:/Users/coltmw/Documents/GitHub/ecen4024-microphone-array/microphone-array/microphone-array.srcs/sources_1/ip/half_band_FIR/fir_compiler_v7_1/hdl/delay.vhd:157]
INFO: [Synth 8-256] done synthesizing module 'delay__parameterized3' (4#1) [c:/Users/coltmw/Documents/GitHub/ecen4024-microphone-array/microphone-array/microphone-array.srcs/sources_1/ip/half_band_FIR/fir_compiler_v7_1/hdl/delay.vhd:157]
INFO: [Synth 8-638] synthesizing module 'delay__parameterized4' [c:/Users/coltmw/Documents/GitHub/ecen4024-microphone-array/microphone-array/microphone-array.srcs/sources_1/ip/half_band_FIR/fir_compiler_v7_1/hdl/delay.vhd:157]
INFO: [Synth 8-256] done synthesizing module 'delay__parameterized4' (4#1) [c:/Users/coltmw/Documents/GitHub/ecen4024-microphone-array/microphone-array/microphone-array.srcs/sources_1/ip/half_band_FIR/fir_compiler_v7_1/hdl/delay.vhd:157]
INFO: [Synth 8-638] synthesizing module 'delay__parameterized5' [c:/Users/coltmw/Documents/GitHub/ecen4024-microphone-array/microphone-array/microphone-array.srcs/sources_1/ip/half_band_FIR/fir_compiler_v7_1/hdl/delay.vhd:157]
INFO: [Synth 8-256] done synthesizing module 'delay__parameterized5' (4#1) [c:/Users/coltmw/Documents/GitHub/ecen4024-microphone-array/microphone-array/microphone-array.srcs/sources_1/ip/half_band_FIR/fir_compiler_v7_1/hdl/delay.vhd:157]
INFO: [Synth 8-638] synthesizing module 'delay__parameterized6' [c:/Users/coltmw/Documents/GitHub/ecen4024-microphone-array/microphone-array/microphone-array.srcs/sources_1/ip/half_band_FIR/fir_compiler_v7_1/hdl/delay.vhd:157]
INFO: [Synth 8-256] done synthesizing module 'delay__parameterized6' (4#1) [c:/Users/coltmw/Documents/GitHub/ecen4024-microphone-array/microphone-array/microphone-array.srcs/sources_1/ip/half_band_FIR/fir_compiler_v7_1/hdl/delay.vhd:157]
INFO: [Synth 8-638] synthesizing module 'delay__parameterized7' [c:/Users/coltmw/Documents/GitHub/ecen4024-microphone-array/microphone-array/microphone-array.srcs/sources_1/ip/half_band_FIR/fir_compiler_v7_1/hdl/delay.vhd:157]
INFO: [Synth 8-256] done synthesizing module 'delay__parameterized7' (4#1) [c:/Users/coltmw/Documents/GitHub/ecen4024-microphone-array/microphone-array/microphone-array.srcs/sources_1/ip/half_band_FIR/fir_compiler_v7_1/hdl/delay.vhd:157]
INFO: [Synth 8-638] synthesizing module 'delay__parameterized8' [c:/Users/coltmw/Documents/GitHub/ecen4024-microphone-array/microphone-array/microphone-array.srcs/sources_1/ip/half_band_FIR/fir_compiler_v7_1/hdl/delay.vhd:157]
INFO: [Synth 8-256] done synthesizing module 'delay__parameterized8' (4#1) [c:/Users/coltmw/Documents/GitHub/ecen4024-microphone-array/microphone-array/microphone-array.srcs/sources_1/ip/half_band_FIR/fir_compiler_v7_1/hdl/delay.vhd:157]
INFO: [Synth 8-638] synthesizing module 'delay__parameterized9' [c:/Users/coltmw/Documents/GitHub/ecen4024-microphone-array/microphone-array/microphone-array.srcs/sources_1/ip/half_band_FIR/fir_compiler_v7_1/hdl/delay.vhd:157]
INFO: [Synth 8-256] done synthesizing module 'delay__parameterized9' (4#1) [c:/Users/coltmw/Documents/GitHub/ecen4024-microphone-array/microphone-array/microphone-array.srcs/sources_1/ip/half_band_FIR/fir_compiler_v7_1/hdl/delay.vhd:157]
INFO: [Synth 8-3919] null assignment ignored [c:/Users/coltmw/Documents/GitHub/ecen4024-microphone-array/microphone-array/microphone-array.srcs/sources_1/ip/half_band_FIR/fir_compiler_v7_1/hdl/global_pkg.vhd:4063]
INFO: [Synth 8-3919] null assignment ignored [c:/Users/coltmw/Documents/GitHub/ecen4024-microphone-array/microphone-array/microphone-array.srcs/sources_1/ip/half_band_FIR/fir_compiler_v7_1/hdl/global_pkg.vhd:4080]
INFO: [Synth 8-638] synthesizing module 'filt_mem' [c:/Users/coltmw/Documents/GitHub/ecen4024-microphone-array/microphone-array/microphone-array.srcs/sources_1/ip/half_band_FIR/fir_compiler_v7_1/hdl/mem.vhd:159]
INFO: [Synth 8-638] synthesizing module 'sp_mem' [c:/Users/coltmw/Documents/GitHub/ecen4024-microphone-array/microphone-array/microphone-array.srcs/sources_1/ip/half_band_FIR/fir_compiler_v7_1/hdl/sp_mem.vhd:141]
INFO: [Synth 8-256] done synthesizing module 'sp_mem' (5#1) [c:/Users/coltmw/Documents/GitHub/ecen4024-microphone-array/microphone-array/microphone-array.srcs/sources_1/ip/half_band_FIR/fir_compiler_v7_1/hdl/sp_mem.vhd:141]
INFO: [Synth 8-256] done synthesizing module 'filt_mem' (6#1) [c:/Users/coltmw/Documents/GitHub/ecen4024-microphone-array/microphone-array/microphone-array.srcs/sources_1/ip/half_band_FIR/fir_compiler_v7_1/hdl/mem.vhd:159]
INFO: [Synth 8-638] synthesizing module 'filt_mem__parameterized0' [c:/Users/coltmw/Documents/GitHub/ecen4024-microphone-array/microphone-array/microphone-array.srcs/sources_1/ip/half_band_FIR/fir_compiler_v7_1/hdl/mem.vhd:159]
INFO: [Synth 8-3919] null assignment ignored [c:/Users/coltmw/Documents/GitHub/ecen4024-microphone-array/microphone-array/microphone-array.srcs/sources_1/ip/half_band_FIR/fir_compiler_v7_1/hdl/mem.vhd:194]
INFO: [Synth 8-3919] null assignment ignored [c:/Users/coltmw/Documents/GitHub/ecen4024-microphone-array/microphone-array/microphone-array.srcs/sources_1/ip/half_band_FIR/fir_compiler_v7_1/hdl/mem.vhd:196]
INFO: [Synth 8-638] synthesizing module 'sp_mem__parameterized0' [c:/Users/coltmw/Documents/GitHub/ecen4024-microphone-array/microphone-array/microphone-array.srcs/sources_1/ip/half_band_FIR/fir_compiler_v7_1/hdl/sp_mem.vhd:141]
INFO: [Synth 8-4472] Detected and applied attribute rom_style = distributed [c:/Users/coltmw/Documents/GitHub/ecen4024-microphone-array/microphone-array/microphone-array.srcs/sources_1/ip/half_band_FIR/fir_compiler_v7_1/hdl/sp_mem.vhd:247]
INFO: [Synth 8-256] done synthesizing module 'sp_mem__parameterized0' (6#1) [c:/Users/coltmw/Documents/GitHub/ecen4024-microphone-array/microphone-array/microphone-array.srcs/sources_1/ip/half_band_FIR/fir_compiler_v7_1/hdl/sp_mem.vhd:141]
INFO: [Synth 8-256] done synthesizing module 'filt_mem__parameterized0' (6#1) [c:/Users/coltmw/Documents/GitHub/ecen4024-microphone-array/microphone-array/microphone-array.srcs/sources_1/ip/half_band_FIR/fir_compiler_v7_1/hdl/mem.vhd:159]
INFO: [Synth 8-638] synthesizing module 'cntrl_delay' [c:/Users/coltmw/Documents/GitHub/ecen4024-microphone-array/microphone-array/microphone-array.srcs/sources_1/ip/half_band_FIR/fir_compiler_v7_1/hdl/cntrl_delay.vhd:141]
INFO: [Synth 8-256] done synthesizing module 'cntrl_delay' (7#1) [c:/Users/coltmw/Documents/GitHub/ecen4024-microphone-array/microphone-array/microphone-array.srcs/sources_1/ip/half_band_FIR/fir_compiler_v7_1/hdl/cntrl_delay.vhd:141]
INFO: [Synth 8-638] synthesizing module 'buff' [c:/Users/coltmw/Documents/GitHub/ecen4024-microphone-array/microphone-array/microphone-array.srcs/sources_1/ip/half_band_FIR/fir_compiler_v7_1/hdl/buff.vhd:147]
INFO: [Synth 8-506] null port 'READ_ADDR' ignored [c:/Users/coltmw/Documents/GitHub/ecen4024-microphone-array/microphone-array/microphone-array.srcs/sources_1/ip/half_band_FIR/fir_compiler_v7_1/hdl/buff.vhd:138]
INFO: [Synth 8-638] synthesizing module 'delay__parameterized10' [c:/Users/coltmw/Documents/GitHub/ecen4024-microphone-array/microphone-array/microphone-array.srcs/sources_1/ip/half_band_FIR/fir_compiler_v7_1/hdl/delay.vhd:157]
INFO: [Synth 8-256] done synthesizing module 'delay__parameterized10' (7#1) [c:/Users/coltmw/Documents/GitHub/ecen4024-microphone-array/microphone-array/microphone-array.srcs/sources_1/ip/half_band_FIR/fir_compiler_v7_1/hdl/delay.vhd:157]
INFO: [Synth 8-256] done synthesizing module 'buff' (8#1) [c:/Users/coltmw/Documents/GitHub/ecen4024-microphone-array/microphone-array/microphone-array.srcs/sources_1/ip/half_band_FIR/fir_compiler_v7_1/hdl/buff.vhd:147]
INFO: [Synth 8-638] synthesizing module 'addsub_mult_accum' [c:/Users/coltmw/Documents/GitHub/ecen4024-microphone-array/microphone-array/microphone-array.srcs/sources_1/ip/half_band_FIR/fir_compiler_v7_1/hdl/addsub_mult_accum.vhd:157]
INFO: [Synth 8-638] synthesizing module 'delay__parameterized11' [c:/Users/coltmw/Documents/GitHub/ecen4024-microphone-array/microphone-array/microphone-array.srcs/sources_1/ip/half_band_FIR/fir_compiler_v7_1/hdl/delay.vhd:157]
INFO: [Synth 8-256] done synthesizing module 'delay__parameterized11' (8#1) [c:/Users/coltmw/Documents/GitHub/ecen4024-microphone-array/microphone-array/microphone-array.srcs/sources_1/ip/half_band_FIR/fir_compiler_v7_1/hdl/delay.vhd:157]
INFO: [Synth 8-638] synthesizing module 'delay__parameterized12' [c:/Users/coltmw/Documents/GitHub/ecen4024-microphone-array/microphone-array/microphone-array.srcs/sources_1/ip/half_band_FIR/fir_compiler_v7_1/hdl/delay.vhd:157]
INFO: [Synth 8-256] done synthesizing module 'delay__parameterized12' (8#1) [c:/Users/coltmw/Documents/GitHub/ecen4024-microphone-array/microphone-array/microphone-array.srcs/sources_1/ip/half_band_FIR/fir_compiler_v7_1/hdl/delay.vhd:157]
INFO: [Synth 8-638] synthesizing module 'delay__parameterized13' [c:/Users/coltmw/Documents/GitHub/ecen4024-microphone-array/microphone-array/microphone-array.srcs/sources_1/ip/half_band_FIR/fir_compiler_v7_1/hdl/delay.vhd:157]
INFO: [Synth 8-256] done synthesizing module 'delay__parameterized13' (8#1) [c:/Users/coltmw/Documents/GitHub/ecen4024-microphone-array/microphone-array/microphone-array.srcs/sources_1/ip/half_band_FIR/fir_compiler_v7_1/hdl/delay.vhd:157]
INFO: [Synth 8-638] synthesizing module 'calc' [c:/Users/coltmw/Documents/GitHub/ecen4024-microphone-array/microphone-array/microphone-array.srcs/sources_1/ip/half_band_FIR/fir_compiler_v7_1/hdl/calc.vhd:161]
INFO: [Synth 8-113] binding component instance 'i_dsp48e1' to cell 'DSP48E1' [c:/Users/coltmw/Documents/GitHub/ecen4024-microphone-array/microphone-array/microphone-array.srcs/sources_1/ip/half_band_FIR/fir_compiler_v7_1/hdl/calc.vhd:382]
INFO: [Synth 8-256] done synthesizing module 'calc' (9#1) [c:/Users/coltmw/Documents/GitHub/ecen4024-microphone-array/microphone-array/microphone-array.srcs/sources_1/ip/half_band_FIR/fir_compiler_v7_1/hdl/calc.vhd:161]
INFO: [Synth 8-256] done synthesizing module 'addsub_mult_accum' (10#1) [c:/Users/coltmw/Documents/GitHub/ecen4024-microphone-array/microphone-array/microphone-array.srcs/sources_1/ip/half_band_FIR/fir_compiler_v7_1/hdl/addsub_mult_accum.vhd:157]
INFO: [Synth 8-638] synthesizing module 'delay__parameterized14' [c:/Users/coltmw/Documents/GitHub/ecen4024-microphone-array/microphone-array/microphone-array.srcs/sources_1/ip/half_band_FIR/fir_compiler_v7_1/hdl/delay.vhd:157]
INFO: [Synth 8-256] done synthesizing module 'delay__parameterized14' (10#1) [c:/Users/coltmw/Documents/GitHub/ecen4024-microphone-array/microphone-array/microphone-array.srcs/sources_1/ip/half_band_FIR/fir_compiler_v7_1/hdl/delay.vhd:157]
INFO: [Synth 8-638] synthesizing module 'delay__parameterized15' [c:/Users/coltmw/Documents/GitHub/ecen4024-microphone-array/microphone-array/microphone-array.srcs/sources_1/ip/half_band_FIR/fir_compiler_v7_1/hdl/delay.vhd:157]
INFO: [Synth 8-256] done synthesizing module 'delay__parameterized15' (10#1) [c:/Users/coltmw/Documents/GitHub/ecen4024-microphone-array/microphone-array/microphone-array.srcs/sources_1/ip/half_band_FIR/fir_compiler_v7_1/hdl/delay.vhd:157]
INFO: [Synth 8-638] synthesizing module 'delay__parameterized16' [c:/Users/coltmw/Documents/GitHub/ecen4024-microphone-array/microphone-array/microphone-array.srcs/sources_1/ip/half_band_FIR/fir_compiler_v7_1/hdl/delay.vhd:157]
INFO: [Synth 8-256] done synthesizing module 'delay__parameterized16' (10#1) [c:/Users/coltmw/Documents/GitHub/ecen4024-microphone-array/microphone-array/microphone-array.srcs/sources_1/ip/half_band_FIR/fir_compiler_v7_1/hdl/delay.vhd:157]
INFO: [Synth 8-3919] null assignment ignored [c:/Users/coltmw/Documents/GitHub/ecen4024-microphone-array/microphone-array/microphone-array.srcs/sources_1/ip/half_band_FIR/fir_compiler_v7_1/hdl/halfband_decimation.vhd:4119]
INFO: [Synth 8-3919] null assignment ignored [c:/Users/coltmw/Documents/GitHub/ecen4024-microphone-array/microphone-array/microphone-array.srcs/sources_1/ip/half_band_FIR/fir_compiler_v7_1/hdl/halfband_decimation.vhd:4128]
INFO: [Synth 8-3919] null assignment ignored [c:/Users/coltmw/Documents/GitHub/ecen4024-microphone-array/microphone-array/microphone-array.srcs/sources_1/ip/half_band_FIR/fir_compiler_v7_1/hdl/halfband_decimation.vhd:4150]
INFO: [Synth 8-3919] null assignment ignored [c:/Users/coltmw/Documents/GitHub/ecen4024-microphone-array/microphone-array/microphone-array.srcs/sources_1/ip/half_band_FIR/fir_compiler_v7_1/hdl/halfband_decimation.vhd:4268]
INFO: [Synth 8-3919] null assignment ignored [c:/Users/coltmw/Documents/GitHub/ecen4024-microphone-array/microphone-array/microphone-array.srcs/sources_1/ip/half_band_FIR/fir_compiler_v7_1/hdl/halfband_decimation.vhd:4296]
INFO: [Synth 8-3919] null assignment ignored [c:/Users/coltmw/Documents/GitHub/ecen4024-microphone-array/microphone-array/microphone-array.srcs/sources_1/ip/half_band_FIR/fir_compiler_v7_1/hdl/halfband_decimation.vhd:4302]
INFO: [Synth 8-3919] null assignment ignored [c:/Users/coltmw/Documents/GitHub/ecen4024-microphone-array/microphone-array/microphone-array.srcs/sources_1/ip/half_band_FIR/fir_compiler_v7_1/hdl/halfband_decimation.vhd:4308]
INFO: [Synth 8-3919] null assignment ignored [c:/Users/coltmw/Documents/GitHub/ecen4024-microphone-array/microphone-array/microphone-array.srcs/sources_1/ip/half_band_FIR/fir_compiler_v7_1/hdl/halfband_decimation.vhd:4322]
INFO: [Synth 8-3919] null assignment ignored [c:/Users/coltmw/Documents/GitHub/ecen4024-microphone-array/microphone-array/microphone-array.srcs/sources_1/ip/half_band_FIR/fir_compiler_v7_1/hdl/halfband_decimation.vhd:4326]
INFO: [Synth 8-3936] Found unconnected internal register 'g_semi_parallel_and_smac.g_paths[0].p_path_out_reg[0][fab]' and it is trimmed from '48' to '38' bits. [c:/Users/coltmw/Documents/GitHub/ecen4024-microphone-array/microphone-array/microphone-array.srcs/sources_1/ip/half_band_FIR/fir_compiler_v7_1/hdl/halfband_decimation.vhd:3864]
INFO: [Synth 8-256] done synthesizing module 'halfband_decimation__parameterized0' (11#1) [c:/Users/coltmw/Documents/GitHub/ecen4024-microphone-array/microphone-array/microphone-array.srcs/sources_1/ip/half_band_FIR/fir_compiler_v7_1/hdl/halfband_decimation.vhd:252]
INFO: [Synth 8-256] done synthesizing module 'fir_compiler_v7_1_viv__parameterized0' (12#1) [c:/Users/coltmw/Documents/GitHub/ecen4024-microphone-array/microphone-array/microphone-array.srcs/sources_1/ip/half_band_FIR/fir_compiler_v7_1/hdl/fir_compiler_v7_1_viv.vhd:254]
INFO: [Synth 8-256] done synthesizing module 'fir_compiler_v7_1__parameterized0' (13#1) [c:/Users/coltmw/Documents/GitHub/ecen4024-microphone-array/microphone-array/microphone-array.srcs/sources_1/ip/half_band_FIR/fir_compiler_v7_1/hdl/fir_compiler_v7_1.vhd:233]
INFO: [Synth 8-256] done synthesizing module 'half_band_FIR' (14#1) [c:/Users/coltmw/Documents/GitHub/ecen4024-microphone-array/microphone-array/microphone-array.srcs/sources_1/ip/half_band_FIR/synth/half_band_FIR.vhd:70]
---------------------------------------------------------------------------------
Finished RTL Elaboration : Time (s): cpu = 00:00:24 ; elapsed = 00:00:26 . Memory (MB): peak = 288.520 ; gain = 154.723
---------------------------------------------------------------------------------
---------------------------------------------------------------------------------
Start RTL Optimization
---------------------------------------------------------------------------------

Report Check Netlist: 
+------+------------------+-------+---------+-------+------------------+
|      |Item              |Errors |Warnings |Status |Description       |
+------+------------------+-------+---------+-------+------------------+
|1     |multi_driven_nets |      0|        0|Passed |Multi driven nets |
+------+------------------+-------+---------+-------+------------------+
INFO: [Synth 8-3295] tying undriven pin \g_semi_parallel_and_smac.g_paths[0].g_mem_array[0].i_mem :ADDRB[2] to constant 0 [c:/Users/coltmw/Documents/GitHub/ecen4024-microphone-array/microphone-array/microphone-array.srcs/sources_1/ip/half_band_FIR/fir_compiler_v7_1/hdl/halfband_decimation.vhd:3183]
INFO: [Netlist 29-17] Analyzing 1 Unisim elements for replacement
INFO: [Netlist 29-28] Unisim Transformation completed in 0 CPU seconds
Loading clock regions from C:/Xilinx/Vivado/2014.2/data\parts/xilinx/artix7/artix7/xc7a100t/ClockRegion.xml
Loading clock buffers from C:/Xilinx/Vivado/2014.2/data\parts/xilinx/artix7/artix7/xc7a100t/ClockBuffers.xml
Loading clock placement rules from C:/Xilinx/Vivado/2014.2/data/parts/xilinx/artix7/ClockPlacerRules.xml
Loading package pin functions from C:/Xilinx/Vivado/2014.2/data\parts/xilinx/artix7/PinFunctions.xml...
Loading package from C:/Xilinx/Vivado/2014.2/data\parts/xilinx/artix7/artix7/xc7a100t/csg324/Package.xml
Loading io standards from C:/Xilinx/Vivado/2014.2/data\./parts/xilinx/artix7/IOStandards.xml
Loading device configuration modes from C:/Xilinx/Vivado/2014.2/data\parts/xilinx/artix7/ConfigModes.xml

Processing XDC Constraints
Parsing XDC File [c:/Users/coltmw/Documents/GitHub/ecen4024-microphone-array/microphone-array/microphone-array.srcs/sources_1/ip/half_band_FIR/half_band_FIR_ooc.xdc] for cell 'U0'
Finished Parsing XDC File [c:/Users/coltmw/Documents/GitHub/ecen4024-microphone-array/microphone-array/microphone-array.srcs/sources_1/ip/half_band_FIR/half_band_FIR_ooc.xdc] for cell 'U0'
Parsing XDC File [C:/Users/coltmw/Documents/GitHub/ecen4024-microphone-array/microphone-array/microphone-array.runs/half_band_FIR_synth_1/dont_touch.xdc]
Finished Parsing XDC File [C:/Users/coltmw/Documents/GitHub/ecen4024-microphone-array/microphone-array/microphone-array.runs/half_band_FIR_synth_1/dont_touch.xdc]
Completed Processing XDC Constraints

INFO: [Project 1-111] Unisim Transformation Summary:
No Unisim elements were transformed.

---------------------------------------------------------------------------------
Start RTL Optimization
---------------------------------------------------------------------------------
---------------------------------------------------------------------------------
Start Loading Part and Timing Information
---------------------------------------------------------------------------------
Loading part: xc7a100tcsg324-1
---------------------------------------------------------------------------------
Finished Loading Part and Timing Information : Time (s): cpu = 00:00:31 ; elapsed = 00:00:33 . Memory (MB): peak = 482.680 ; gain = 348.883
---------------------------------------------------------------------------------
---------------------------------------------------------------------------------
Start Applying 'set_property' XDC Constraints
---------------------------------------------------------------------------------
Applied set_property DONT_TOUCH = true for U0. (constraint file  C:/Users/coltmw/Documents/GitHub/ecen4024-microphone-array/microphone-array/microphone-array.runs/half_band_FIR_synth_1/dont_touch.xdc, line 9).
---------------------------------------------------------------------------------
Finished applying 'set_property' XDC Constraints : Time (s): cpu = 00:00:31 ; elapsed = 00:00:33 . Memory (MB): peak = 482.680 ; gain = 348.883
---------------------------------------------------------------------------------
---------------------------------------------------------------------------------
Finished RTL Optimization : Time (s): cpu = 00:00:31 ; elapsed = 00:00:33 . Memory (MB): peak = 482.680 ; gain = 348.883
---------------------------------------------------------------------------------
Attribute ram_style/rom_style = distributed specified for ROM  "rom". This will be implemented in logic.
INFO: [Synth 8-4471] merging register 'g_semi_parallel_and_smac.base_en_px_cntrl_reg' into 'g_semi_parallel_and_smac.base_en_px_reg' [c:/Users/coltmw/Documents/GitHub/ecen4024-microphone-array/microphone-array/microphone-array.srcs/sources_1/ip/half_band_FIR/fir_compiler_v7_1/hdl/halfband_decimation.vhd:1481]
INFO: [Synth 8-4471] merging register 'g_semi_parallel_and_smac.base_max_cntrl_reg' into 'g_semi_parallel_and_smac.base_max_reg' [c:/Users/coltmw/Documents/GitHub/ecen4024-microphone-array/microphone-array/microphone-array.srcs/sources_1/ip/half_band_FIR/fir_compiler_v7_1/hdl/halfband_decimation.vhd:1484]
INFO: [Synth 8-4471] merging register 'g_semi_parallel_and_smac.base_max_px_cntrl_reg' into 'g_semi_parallel_and_smac.base_max_px_reg' [c:/Users/coltmw/Documents/GitHub/ecen4024-microphone-array/microphone-array/microphone-array.srcs/sources_1/ip/half_band_FIR/fir_compiler_v7_1/hdl/halfband_decimation.vhd:1485]
INFO: [Synth 8-3936] Found unconnected internal register 'g_semi_parallel_and_smac.we_gen_algn_reg' and it is trimmed from '3' to '2' bits. [c:/Users/coltmw/Documents/GitHub/ecen4024-microphone-array/microphone-array/microphone-array.srcs/sources_1/ip/half_band_FIR/fir_compiler_v7_1/hdl/halfband_decimation.vhd:1680]
INFO: [Synth 8-3936] Found unconnected internal register 'g_semi_parallel_and_smac.base_en_px_algn_reg' and it is trimmed from '3' to '2' bits. [c:/Users/coltmw/Documents/GitHub/ecen4024-microphone-array/microphone-array/microphone-array.srcs/sources_1/ip/half_band_FIR/fir_compiler_v7_1/hdl/halfband_decimation.vhd:1694]
INFO: [Synth 8-3936] Found unconnected internal register 'g_semi_parallel_and_smac.base_max_px_algn_reg' and it is trimmed from '3' to '2' bits. [c:/Users/coltmw/Documents/GitHub/ecen4024-microphone-array/microphone-array/microphone-array.srcs/sources_1/ip/half_band_FIR/fir_compiler_v7_1/hdl/halfband_decimation.vhd:1708]
INFO: [Synth 8-3936] Found unconnected internal register 'g_semi_parallel_and_smac.chan_max_algn_reg' and it is trimmed from '3' to '2' bits. [c:/Users/coltmw/Documents/GitHub/ecen4024-microphone-array/microphone-array/microphone-array.srcs/sources_1/ip/half_band_FIR/fir_compiler_v7_1/hdl/halfband_decimation.vhd:1713]

Report RTL Partitions: 
+-+--------------+------------+----------+
| |RTL Partition |Replication |Instances |
+-+--------------+------------+----------+
+-+--------------+------------+----------+
---------------------------------------------------------------------------------
Start RTL Component Statistics 
---------------------------------------------------------------------------------
---------------------------------------------------------------------------------
Finished RTL Component Statistics 
---------------------------------------------------------------------------------
---------------------------------------------------------------------------------
Start RTL Hierarchical Component Statistics 
---------------------------------------------------------------------------------
---------------------------------------------------------------------------------
Finished RTL Hierarchical Component Statistics
---------------------------------------------------------------------------------
---------------------------------------------------------------------------------
Start Part Resource Summary
---------------------------------------------------------------------------------
Part Resources:
DSPs: 240 (col length:80)
BRAMs: 270 (col length: RAMB18 80 RAMB36 40)
---------------------------------------------------------------------------------
Finished Part Resource Summary
---------------------------------------------------------------------------------
Workers Ready, Starting Parallel Section  : Time (s): cpu = 00:00:31 ; elapsed = 00:00:33 . Memory (MB): peak = 504.664 ; gain = 370.867
---------------------------------------------------------------------------------
Start Cross Boundary Optimization
---------------------------------------------------------------------------------
INFO: [Synth 8-4471] merging register 'g_halfband_decimation.i_halfband_decimation/g_semi_parallel_and_smac.we_flush_reg' into 'g_halfband_decimation.i_halfband_decimation/g_semi_parallel_and_smac.we_gen_cntrl_reg' [c:/Users/coltmw/Documents/GitHub/ecen4024-microphone-array/microphone-array/microphone-array.srcs/sources_1/ip/half_band_FIR/fir_compiler_v7_1/hdl/halfband_decimation.vhd:1525]
INFO: [Synth 8-3936] Found unconnected internal register 'g_halfband_decimation.i_halfband_decimation/g_semi_parallel_and_smac.i_cntrl_src/gen_dly.gen_shiftreg.gen_rtl_delay.delay_bus_reg[1]' and it is trimmed from '7' to '5' bits. [c:/Users/coltmw/Documents/GitHub/ecen4024-microphone-array/microphone-array/microphone-array.srcs/sources_1/ip/half_band_FIR/fir_compiler_v7_1/hdl/delay.vhd:270]
INFO: [Synth 8-3936] Found unconnected internal register 'g_halfband_decimation.i_halfband_decimation/g_semi_parallel_and_smac.i_cntrl_src/gen_dly.gen_shiftreg.gen_rtl_delay.delay_bus_reg[0]' and it is trimmed from '7' to '5' bits. [c:/Users/coltmw/Documents/GitHub/ecen4024-microphone-array/microphone-array/microphone-array.srcs/sources_1/ip/half_band_FIR/fir_compiler_v7_1/hdl/delay.vhd:270]
---------------------------------------------------------------------------------
Finished Cross Boundary Optimization : Time (s): cpu = 00:00:31 ; elapsed = 00:00:33 . Memory (MB): peak = 504.703 ; gain = 370.906
---------------------------------------------------------------------------------
Finished Parallel Reinfer  : Time (s): cpu = 00:00:31 ; elapsed = 00:00:33 . Memory (MB): peak = 504.703 ; gain = 370.906
---------------------------------------------------------------------------------
Start Area Optimization
---------------------------------------------------------------------------------
INFO: [Synth 8-3332] Sequential element (\g_halfband_decimation.i_halfband_decimation/g_semi_parallel_and_smac.flush_data_reg ) is unused and will be removed from module fir_compiler_v7_1_viv__parameterized0.
INFO: [Synth 8-3332] Sequential element (\g_halfband_decimation.i_halfband_decimation/g_semi_parallel_and_smac.i_cntrl_src/gen_dly.gen_shiftreg.gen_rtl_delay.delay_bus_reg[1][4] ) is unused and will be removed from module fir_compiler_v7_1_viv__parameterized0.
INFO: [Synth 8-3332] Sequential element (\g_halfband_decimation.i_halfband_decimation/g_semi_parallel_and_smac.i_cntrl_src/gen_dly.gen_shiftreg.gen_rtl_delay.delay_bus_reg[1][0] ) is unused and will be removed from module fir_compiler_v7_1_viv__parameterized0.
INFO: [Synth 8-3332] Sequential element (\g_halfband_decimation.i_halfband_decimation/g_semi_parallel_and_smac.g_cntrl_signals[6].i_delay/gen_dly.gen_regs.delay_bus_reg[2][0] ) is unused and will be removed from module fir_compiler_v7_1_viv__parameterized0.
INFO: [Synth 8-3332] Sequential element (\g_halfband_decimation.i_halfband_decimation/g_semi_parallel_and_smac.g_cntrl_signals[5].i_delay/gen_reg.d_reg_reg[0] ) is unused and will be removed from module fir_compiler_v7_1_viv__parameterized0.
INFO: [Synth 8-3332] Sequential element (\g_halfband_decimation.i_halfband_decimation/g_semi_parallel_and_smac.g_cntrl_signals[4].i_delay/gen_reg.d_reg_reg[0] ) is unused and will be removed from module fir_compiler_v7_1_viv__parameterized0.
INFO: [Synth 8-3332] Sequential element (\g_halfband_decimation.i_halfband_decimation/g_semi_parallel_and_smac.g_cntrl_signals[2].i_delay/gen_reg.d_reg_reg[0] ) is unused and will be removed from module fir_compiler_v7_1_viv__parameterized0.
INFO: [Synth 8-3332] Sequential element (\g_halfband_decimation.i_halfband_decimation/g_semi_parallel_and_smac.we_gen_algn_reg[-1] ) is unused and will be removed from module fir_compiler_v7_1_viv__parameterized0.
INFO: [Synth 8-3332] Sequential element (\g_halfband_decimation.i_halfband_decimation/g_semi_parallel_and_smac.chan_2nd_last_reg ) is unused and will be removed from module fir_compiler_v7_1_viv__parameterized0.
INFO: [Synth 8-3332] Sequential element (\g_halfband_decimation.i_halfband_decimation/g_semi_parallel_and_smac.i_cntrl_src/gen_dly.gen_shiftreg.gen_rtl_delay.delay_bus_reg[0][4] ) is unused and will be removed from module fir_compiler_v7_1_viv__parameterized0.
INFO: [Synth 8-3332] Sequential element (\g_halfband_decimation.i_halfband_decimation/g_semi_parallel_and_smac.i_cntrl_src/gen_dly.gen_shiftreg.gen_rtl_delay.delay_bus_reg[0][0] ) is unused and will be removed from module fir_compiler_v7_1_viv__parameterized0.
INFO: [Synth 8-3332] Sequential element (\g_halfband_decimation.i_halfband_decimation/g_semi_parallel_and_smac.g_cntrl_signals[6].i_delay/gen_dly.gen_regs.delay_bus_reg[1][0] ) is unused and will be removed from module fir_compiler_v7_1_viv__parameterized0.
INFO: [Synth 8-3332] Sequential element (\g_halfband_decimation.i_halfband_decimation/g_semi_parallel_and_smac.g_cntrl_signals[6].i_delay/gen_dly.gen_regs.delay_bus_reg[0][0] ) is unused and will be removed from module fir_compiler_v7_1_viv__parameterized0.
---------------------------------------------------------------------------------
Finished Area Optimization : Time (s): cpu = 00:00:32 ; elapsed = 00:00:34 . Memory (MB): peak = 512.758 ; gain = 378.961
---------------------------------------------------------------------------------
Finished Parallel Area Opt  : Time (s): cpu = 00:00:32 ; elapsed = 00:00:34 . Memory (MB): peak = 512.758 ; gain = 378.961
Finished Parallel Section  : Time (s): cpu = 00:00:32 ; elapsed = 00:00:34 . Memory (MB): peak = 512.758 ; gain = 378.961
---------------------------------------------------------------------------------
Start Timing Optimization
---------------------------------------------------------------------------------
---------------------------------------------------------------------------------
Start Applying XDC Timing Constraints
---------------------------------------------------------------------------------
---------------------------------------------------------------------------------
Finished Applying XDC Timing Constraints : Time (s): cpu = 00:00:45 ; elapsed = 00:00:47 . Memory (MB): peak = 589.000 ; gain = 455.203
---------------------------------------------------------------------------------
---------------------------------------------------------------------------------
Finished Timing Optimization : Time (s): cpu = 00:00:45 ; elapsed = 00:00:48 . Memory (MB): peak = 589.965 ; gain = 456.168
---------------------------------------------------------------------------------
---------------------------------------------------------------------------------
Start Technology Mapping
---------------------------------------------------------------------------------
INFO: [Synth 8-3332] Sequential element (aempty_1_reg) is unused and will be removed from module glb_srl_fifo__parameterized0.
INFO: [Synth 8-3332] Sequential element (not_aempty_1_reg) is unused and will be removed from module glb_srl_fifo__parameterized0.
INFO: [Synth 8-3332] Sequential element (\g_halfband_decimation.i_halfband_decimation/g_m_data_chan_no_fifo.m_axis_data_tlast_int_reg ) is unused and will be removed from module fir_compiler_v7_1_viv__parameterized0.
INFO: [Synth 8-3332] Sequential element (\g_halfband_decimation.i_halfband_decimation/g_semi_parallel_and_smac.g_smac_cntrl.accum_opcode_reg[9] ) is unused and will be removed from module fir_compiler_v7_1_viv__parameterized0.
INFO: [Synth 8-3332] Sequential element (\g_halfband_decimation.i_halfband_decimation/g_semi_parallel_and_smac.g_smac_cntrl.accum_opcode_reg[7] ) is unused and will be removed from module fir_compiler_v7_1_viv__parameterized0.
INFO: [Synth 8-3332] Sequential element (\g_halfband_decimation.i_halfband_decimation/g_semi_parallel_and_smac.g_smac_cntrl.accum_opcode_reg[6] ) is unused and will be removed from module fir_compiler_v7_1_viv__parameterized0.
INFO: [Synth 8-3332] Sequential element (\g_halfband_decimation.i_halfband_decimation/g_semi_parallel_and_smac.g_smac_cntrl.accum_opcode_reg[2] ) is unused and will be removed from module fir_compiler_v7_1_viv__parameterized0.
INFO: [Synth 8-3332] Sequential element (\g_halfband_decimation.i_halfband_decimation/g_semi_parallel_and_smac.g_smac_cntrl.accum_opcode_reg[1] ) is unused and will be removed from module fir_compiler_v7_1_viv__parameterized0.
INFO: [Synth 8-3332] Sequential element (\g_halfband_decimation.i_halfband_decimation/g_semi_parallel_and_smac.g_smac_cntrl.accum_opcode_reg[0] ) is unused and will be removed from module fir_compiler_v7_1_viv__parameterized0.
---------------------------------------------------------------------------------
Finished Technology Mapping : Time (s): cpu = 00:00:46 ; elapsed = 00:00:48 . Memory (MB): peak = 600.441 ; gain = 466.645
---------------------------------------------------------------------------------
---------------------------------------------------------------------------------
Start IO Insertion
---------------------------------------------------------------------------------
---------------------------------------------------------------------------------
Start Flattening Before IO Insertion
---------------------------------------------------------------------------------
---------------------------------------------------------------------------------
Finished Flattening Before IO Insertion
---------------------------------------------------------------------------------
---------------------------------------------------------------------------------
Start Final Netlist Cleanup
---------------------------------------------------------------------------------
---------------------------------------------------------------------------------
Finished Final Netlist Cleanup
---------------------------------------------------------------------------------
INFO: [Synth 8-3295] tying undriven pin \g_halfband_decimation.i_halfband_decimation/g_semi_parallel_and_smac.g_paths[0].g_data_array.g_madd[0].g_coln_cntrl_and_addr[0].i_coln_cntrl_and_addr :CNTRL_IN[0] to constant 0
INFO: [Synth 8-3295] tying undriven pin \g_halfband_decimation.i_halfband_decimation/g_semi_parallel_and_smac.g_paths[0].g_data_array.g_madd[0].g_coln_cntrl_and_addr[0].i_coln_cntrl_and_addr :CNTRL_IN[1] to constant 0
INFO: [Synth 8-3295] tying undriven pin \g_halfband_decimation.i_halfband_decimation/g_semi_parallel_and_smac.g_paths[0].g_data_array.g_madd[0].g_coln_cntrl_and_addr[0].i_coln_cntrl_and_addr :CNTRL_IN[2] to constant 0
INFO: [Synth 8-3295] tying undriven pin \g_halfband_decimation.i_halfband_decimation/g_semi_parallel_and_smac.g_paths[0].g_data_array.g_madd[0].g_coln_cntrl_and_addr[0].i_coln_cntrl_and_addr :CNTRL_IN[4] to constant 0
INFO: [Synth 8-3295] tying undriven pin \g_halfband_decimation.i_halfband_decimation/g_semi_parallel_and_smac.g_paths[0].g_data_array.g_madd[0].g_coln_cntrl_and_addr[0].i_coln_cntrl_and_addr :CNTRL_IN[5] to constant 0
INFO: [Synth 8-3295] tying undriven pin \g_halfband_decimation.i_halfband_decimation/g_semi_parallel_and_smac.g_paths[0].g_data_array.g_madd[0].g_coln_cntrl_and_addr[0].i_coln_cntrl_and_addr :CNTRL_IN[6] to constant 0
---------------------------------------------------------------------------------
Finished IO Insertion : Time (s): cpu = 00:00:46 ; elapsed = 00:00:48 . Memory (MB): peak = 600.441 ; gain = 466.645
---------------------------------------------------------------------------------

Report Check Netlist: 
+------+------------------+-------+---------+-------+------------------+
|      |Item              |Errors |Warnings |Status |Description       |
+------+------------------+-------+---------+-------+------------------+
|1     |multi_driven_nets |      0|        0|Passed |Multi driven nets |
+------+------------------+-------+---------+-------+------------------+
---------------------------------------------------------------------------------
Start Renaming Generated Instances
---------------------------------------------------------------------------------
---------------------------------------------------------------------------------
Finished Renaming Generated Instances : Time (s): cpu = 00:00:46 ; elapsed = 00:00:48 . Memory (MB): peak = 600.441 ; gain = 466.645
---------------------------------------------------------------------------------
---------------------------------------------------------------------------------
Start Rebuilding User Hierarchy
---------------------------------------------------------------------------------
---------------------------------------------------------------------------------
Finished Rebuilding User Hierarchy : Time (s): cpu = 00:00:46 ; elapsed = 00:00:48 . Memory (MB): peak = 600.441 ; gain = 466.645
---------------------------------------------------------------------------------
---------------------------------------------------------------------------------
Start Writing Synthesis Report
---------------------------------------------------------------------------------

Report BlackBoxes: 
+-+--------------+----------+
| |BlackBox name |Instances |
+-+--------------+----------+
+-+--------------+----------+

Report Cell Usage: 
+------+---------+------+
|      |Cell     |Count |
+------+---------+------+
|1     |DSP48E1  |     1|
|2     |LUT1     |     9|
|3     |LUT2     |    25|
|4     |LUT3     |    43|
|5     |LUT4     |    14|
|6     |LUT5     |     5|
|7     |LUT6     |    11|
|8     |MUXF7    |     2|
|9     |RAM16X1D |    44|
|10    |SRL16E   |    73|
|11    |FDRE     |   315|
|12    |FDSE     |     7|
+------+---------+------+
---------------------------------------------------------------------------------
Finished Writing Synthesis Report : Time (s): cpu = 00:00:46 ; elapsed = 00:00:48 . Memory (MB): peak = 600.441 ; gain = 466.645
---------------------------------------------------------------------------------
Synthesis finished with 0 errors, 0 critical warnings and 0 warnings.
Synthesis Optimization Complete : Time (s): cpu = 00:00:46 ; elapsed = 00:00:48 . Memory (MB): peak = 600.441 ; gain = 466.645
INFO: [Netlist 29-17] Analyzing 45 Unisim elements for replacement
INFO: [Netlist 29-28] Unisim Transformation completed in 0 CPU seconds
Parsing XDC File [c:/Users/coltmw/Documents/GitHub/ecen4024-microphone-array/microphone-array/microphone-array.srcs/sources_1/ip/half_band_FIR/half_band_FIR_ooc.xdc] for cell 'U0'
Finished Parsing XDC File [c:/Users/coltmw/Documents/GitHub/ecen4024-microphone-array/microphone-array/microphone-array.srcs/sources_1/ip/half_band_FIR/half_band_FIR_ooc.xdc] for cell 'U0'
INFO: [Opt 31-138] Pushed 0 inverter(s) to 0 load pin(s).
INFO: [Project 1-111] Unisim Transformation Summary:
  A total of 44 instances were transformed.
  RAM16X1D => RAM32X1D (RAMD32, RAMD32): 44 instances

INFO: [Common 17-83] Releasing license: Synthesis
145 Infos, 0 Warnings, 0 Critical Warnings and 0 Errors encountered.
synth_design completed successfully
synth_design: Time (s): cpu = 00:00:46 ; elapsed = 00:00:48 . Memory (MB): peak = 600.441 ; gain = 414.031
# rename_ref -prefix_all half_band_FIR_
INFO: [Coretcl 2-1174] Renamed 28 cell refs.
# write_checkpoint -noxdef half_band_FIR.dcp
# report_utilization -file half_band_FIR_utilization_synth.rpt -pb half_band_FIR_utilization_synth.pb
report_utilization: Time (s): cpu = 00:00:00 ; elapsed = 00:00:00.029 . Memory (MB): peak = 600.441 ; gain = 0.000
# if { [catch {
#   file copy -force C:/Users/coltmw/Documents/GitHub/ecen4024-microphone-array/microphone-array/microphone-array.runs/half_band_FIR_synth_1/half_band_FIR.dcp c:/Users/coltmw/Documents/GitHub/ecen4024-microphone-array/microphone-array/microphone-array.srcs/sources_1/ip/half_band_FIR/half_band_FIR.dcp
#   write_verilog -force -mode synth_stub c:/Users/coltmw/Documents/GitHub/ecen4024-microphone-array/microphone-array/microphone-array.srcs/sources_1/ip/half_band_FIR/half_band_FIR_stub.v
#   write_vhdl -force -mode synth_stub c:/Users/coltmw/Documents/GitHub/ecen4024-microphone-array/microphone-array/microphone-array.srcs/sources_1/ip/half_band_FIR/half_band_FIR_stub.vhdl
#   write_verilog -force -mode funcsim c:/Users/coltmw/Documents/GitHub/ecen4024-microphone-array/microphone-array/microphone-array.srcs/sources_1/ip/half_band_FIR/half_band_FIR_funcsim.v
#   write_vhdl -force -mode funcsim c:/Users/coltmw/Documents/GitHub/ecen4024-microphone-array/microphone-array/microphone-array.srcs/sources_1/ip/half_band_FIR/half_band_FIR_funcsim.vhdl
# } _RESULT ] } { 
#   send_msg_id runtcl-3 error "Unable to successfully create or copy supporting IP files."
#   return -code error
# }
INFO: [Common 17-206] Exiting Vivado at Sun Sep 14 14:58:24 2014...
